<?xml version="1.0" encoding="UTF-8"?>
<TestRun id="566724aa-29f3-4f10-9295-e76b1e86c8d9" name="dbryant@D-BRYANT2 2014-09-26 11:26:05" runUser="CRESTRON\dbryant" xmlns="http://microsoft.com/schemas/VisualStudio/TeamTest/2010">
  <TestSettings name="Trace and Test Impact" id="bef5c62a-216d-4f5a-93ba-7bf2fdf519e1">
    <Description>These are test settings for Trace and Test Impact.</Description>
    <Deployment userDeploymentRoot="C:\GenesisEmulator\GenEm\TestResults" useDefaultDeploymentRoot="false" runDeploymentRoot="dbryant_D-BRYANT2 2014-09-26 11_26_05">
      <DeploymentItem filename="C:\GenesisEmulator\GenEm\Debug\CPU68K.lib" />
    </Deployment>
    <Execution>
      <TestTypeSpecific />
      <AgentRule name="Execution Agents">
        <DataCollectors>
          <DataCollector uri="datacollector://microsoft/SystemInfo/1.0" assemblyQualifiedName="Microsoft.VisualStudio.TestTools.DataCollection.SystemInfo.SystemInfoDataCollector, Microsoft.VisualStudio.TestTools.DataCollection.SystemInfo, Version=10.0.0.0, Culture=neutral, PublicKeyToken=b03f5f7f11d50a3a" friendlyName="System Information">
          </DataCollector>
          <DataCollector uri="datacollector://microsoft/ActionLog/1.0" assemblyQualifiedName="Microsoft.VisualStudio.TestTools.ManualTest.ActionLog.ActionLogPlugin, Microsoft.VisualStudio.TestTools.ManualTest.ActionLog, Version=10.0.0.0, Culture=neutral, PublicKeyToken=b03f5f7f11d50a3a" friendlyName="Actions">
          </DataCollector>
          <DataCollector uri="datacollector://microsoft/HttpProxy/1.0" assemblyQualifiedName="Microsoft.VisualStudio.TraceCollector.HttpProxyCollector, Microsoft.VisualStudio.TraceCollector, Version=10.0.0.0, Culture=neutral, PublicKeyToken=b03f5f7f11d50a3a" friendlyName="ASP.NET Client Proxy for IntelliTrace and Test Impact">
          </DataCollector>
          <DataCollector uri="datacollector://microsoft/TestImpact/1.0" assemblyQualifiedName="Microsoft.VisualStudio.TraceCollector.TestImpactDataCollector, Microsoft.VisualStudio.TraceCollector, Version=10.0.0.0, Culture=neutral, PublicKeyToken=b03f5f7f11d50a3a" friendlyName="Test Impact">
          </DataCollector>
          <DataCollector uri="datacollector://microsoft/TraceDebugger/1.0" assemblyQualifiedName="Microsoft.VisualStudio.TraceCollector.TraceDebuggerDataCollector, Microsoft.VisualStudio.TraceCollector, Version=10.0.0.0, Culture=neutral, PublicKeyToken=b03f5f7f11d50a3a" friendlyName="IntelliTrace">
          </DataCollector>
        </DataCollectors>
      </AgentRule>
    </Execution>
  </TestSettings>
  <Times creation="2014-09-26T11:26:05.4229722-04:00" queuing="2014-09-26T11:26:05.6249722-04:00" start="2014-09-26T11:26:10.0089722-04:00" finish="2014-09-26T11:26:52.8849722-04:00" />
  <ResultSummary outcome="Error">
    <Counters total="1" executed="1" error="0" failed="0" timeout="0" aborted="1" inconclusive="0" passedButRunAborted="0" notRunnable="0" notExecuted="0" disconnected="0" warning="0" passed="0" completed="0" inProgress="0" pending="0" />
    <RunInfos>
      <RunInfo computerName="D-BRYANT2" outcome="Error" timestamp="2014-09-26T11:26:52.8829722-04:00">
        <Text>Test host process exited unexpectedly.</Text>
      </RunInfo>
    </RunInfos>
  </ResultSummary>
  <TestDefinitions>
    <UnitTest name="Bcc32bitTest" storage="c:\genesisemulator\genem\debug\defaulttest.dll" id="d1682589-214e-ac75-7590-ceee3dac3f76">
      <Execution id="fb6b0930-b455-45b7-8bb6-d8248ab61562" />
      <TestMethod codeBase="C:/GenesisEmulator/GenEm/Debug/DefaultTest.DLL" adapterTypeName="Microsoft.VisualStudio.TestTools.TestTypes.Unit.UnitTestAdapter, Microsoft.VisualStudio.QualityTools.Tips.UnitTest.Adapter, Version=10.0.0.0, Culture=neutral, PublicKeyToken=b03f5f7f11d50a3a" className="GenEmTest.ProgramControlTest, DefaultTest, Version=1.0.5382.18696, Culture=neutral, PublicKeyToken=null" name="Bcc32bitTest" />
    </UnitTest>
  </TestDefinitions>
  <TestLists>
    <TestList name="Results Not in a List" id="8c84fa94-04c1-424b-9868-57a2d4851a1d" />
    <TestList name="All Loaded Results" id="19431567-8539-422a-85d7-44ee4e166bda" />
  </TestLists>
  <TestEntries>
    <TestEntry testId="d1682589-214e-ac75-7590-ceee3dac3f76" executionId="fb6b0930-b455-45b7-8bb6-d8248ab61562" testListId="8c84fa94-04c1-424b-9868-57a2d4851a1d" />
  </TestEntries>
  <Results>
    <UnitTestResult executionId="fb6b0930-b455-45b7-8bb6-d8248ab61562" testId="d1682589-214e-ac75-7590-ceee3dac3f76" testName="Bcc32bitTest" computerName="D-BRYANT2" duration="00:00:42.2150000" startTime="2014-09-26T11:26:10.6699722-04:00" endTime="2014-09-26T11:26:52.8849722-04:00" testType="13cdc9d9-ddb5-4fa4-a97d-d965ccfc6d4b" outcome="Aborted" testListId="8c84fa94-04c1-424b-9868-57a2d4851a1d" relativeResultsDirectory="fb6b0930-b455-45b7-8bb6-d8248ab61562">
    </UnitTestResult>
  </Results>
</TestRun>