<?xml version="1.0" encoding="UTF-8"?>
<TestRun id="967d4cc7-4051-4af1-94b9-c2e3072e24d8" name="dbryant@D-BRYANT2 2014-10-01 12:15:21" runUser="CRESTRON\dbryant" xmlns="http://microsoft.com/schemas/VisualStudio/TeamTest/2010">
  <TestSettings name="Trace and Test Impact" id="bef5c62a-216d-4f5a-93ba-7bf2fdf519e1">
    <Description>These are test settings for Trace and Test Impact.</Description>
    <Deployment userDeploymentRoot="C:\GenesisEmulator\GenEm\TestResults" useDefaultDeploymentRoot="false" runDeploymentRoot="dbryant_D-BRYANT2 2014-10-01 12_15_21">
      <DeploymentItem filename="C:\GenesisEmulator\GenEm\Debug\CPU68K.lib" />
    </Deployment>
    <Execution>
      <TestTypeSpecific />
      <AgentRule name="Execution Agents">
        <DataCollectors>
          <DataCollector uri="datacollector://microsoft/SystemInfo/1.0" assemblyQualifiedName="Microsoft.VisualStudio.TestTools.DataCollection.SystemInfo.SystemInfoDataCollector, Microsoft.VisualStudio.TestTools.DataCollection.SystemInfo, Version=10.0.0.0, Culture=neutral, PublicKeyToken=b03f5f7f11d50a3a" friendlyName="System Information">
          </DataCollector>
          <DataCollector uri="datacollector://microsoft/ActionLog/1.0" assemblyQualifiedName="Microsoft.VisualStudio.TestTools.ManualTest.ActionLog.ActionLogPlugin, Microsoft.VisualStudio.TestTools.ManualTest.ActionLog, Version=10.0.0.0, Culture=neutral, PublicKeyToken=b03f5f7f11d50a3a" friendlyName="Actions">
          </DataCollector>
          <DataCollector uri="datacollector://microsoft/HttpProxy/1.0" assemblyQualifiedName="Microsoft.VisualStudio.TraceCollector.HttpProxyCollector, Microsoft.VisualStudio.TraceCollector, Version=10.0.0.0, Culture=neutral, PublicKeyToken=b03f5f7f11d50a3a" friendlyName="ASP.NET Client Proxy for IntelliTrace and Test Impact">
          </DataCollector>
          <DataCollector uri="datacollector://microsoft/TestImpact/1.0" assemblyQualifiedName="Microsoft.VisualStudio.TraceCollector.TestImpactDataCollector, Microsoft.VisualStudio.TraceCollector, Version=10.0.0.0, Culture=neutral, PublicKeyToken=b03f5f7f11d50a3a" friendlyName="Test Impact">
          </DataCollector>
          <DataCollector uri="datacollector://microsoft/TraceDebugger/1.0" assemblyQualifiedName="Microsoft.VisualStudio.TraceCollector.TraceDebuggerDataCollector, Microsoft.VisualStudio.TraceCollector, Version=10.0.0.0, Culture=neutral, PublicKeyToken=b03f5f7f11d50a3a" friendlyName="IntelliTrace">
          </DataCollector>
        </DataCollectors>
      </AgentRule>
    </Execution>
  </TestSettings>
  <Times creation="2014-10-01T12:15:21.3681105-04:00" queuing="2014-10-01T12:15:21.5791316-04:00" start="2014-10-01T12:15:26.0125749-04:00" finish="2014-10-01T12:16:17.5597291-04:00" />
  <ResultSummary outcome="Error">
    <Counters total="1" executed="1" error="0" failed="0" timeout="0" aborted="1" inconclusive="0" passedButRunAborted="0" notRunnable="0" notExecuted="0" disconnected="0" warning="0" passed="0" completed="0" inProgress="0" pending="0" />
    <RunInfos>
      <RunInfo computerName="D-BRYANT2" outcome="Error" timestamp="2014-10-01T12:16:17.5557287-04:00">
        <Text>Test host process exited unexpectedly.</Text>
      </RunInfo>
    </RunInfos>
    <DataCollectorMessages>
      <DataCollectorMessage timestamp="2014-10-01T12:15:22.1501887-04:00" dataCollectorUri="datacollector://microsoft/HttpProxy/1.0" dataCollectorFriendlyName="ASP.NET Client Proxy for IntelliTrace and Test Impact" agentName="D-BRYANT2" level="Warning">
        <Text>An error occurred while installing and starting the HTTP proxy used to associate tests with web requests. PRXY0022: When registering the proxy, another instance of the proxy was detected at end point '127.0.0.1:44148'. Multiple instances of this proxy are not allowed for the same user on the same computer. (To override this behavior, use the 'AllowMultipleProxies' configuration option.)</Text>
      </DataCollectorMessage>
    </DataCollectorMessages>
  </ResultSummary>
  <TestDefinitions>
    <UnitTest name="moveqposTest" storage="c:\genesisemulator\genem\debug\defaulttest.dll" id="4046718c-1796-ccad-b3fa-0a99ca8d7207">
      <Execution id="26e20bb3-7ffe-4032-86c2-7a6f46d54264" />
      <TestMethod codeBase="C:/GenesisEmulator/GenEm/Debug/DefaultTest.DLL" adapterTypeName="Microsoft.VisualStudio.TestTools.TestTypes.Unit.UnitTestAdapter, Microsoft.VisualStudio.QualityTools.Tips.UnitTest.Adapter, Version=10.0.0.0, Culture=neutral, PublicKeyToken=b03f5f7f11d50a3a" className="GenEmTest.DataMovementTest, DefaultTest, Version=1.0.5387.19866, Culture=neutral, PublicKeyToken=null" name="moveqposTest" />
    </UnitTest>
  </TestDefinitions>
  <TestLists>
    <TestList name="Results Not in a List" id="8c84fa94-04c1-424b-9868-57a2d4851a1d" />
    <TestList name="All Loaded Results" id="19431567-8539-422a-85d7-44ee4e166bda" />
  </TestLists>
  <TestEntries>
    <TestEntry testId="4046718c-1796-ccad-b3fa-0a99ca8d7207" executionId="26e20bb3-7ffe-4032-86c2-7a6f46d54264" testListId="8c84fa94-04c1-424b-9868-57a2d4851a1d" />
  </TestEntries>
  <Results>
    <UnitTestResult executionId="26e20bb3-7ffe-4032-86c2-7a6f46d54264" testId="4046718c-1796-ccad-b3fa-0a99ca8d7207" testName="moveqposTest" computerName="D-BRYANT2" duration="00:00:50.9600955" startTime="2014-10-01T12:15:26.5996336-04:00" endTime="2014-10-01T12:16:17.5597291-04:00" testType="13cdc9d9-ddb5-4fa4-a97d-d965ccfc6d4b" outcome="Aborted" testListId="8c84fa94-04c1-424b-9868-57a2d4851a1d" relativeResultsDirectory="26e20bb3-7ffe-4032-86c2-7a6f46d54264">
    </UnitTestResult>
  </Results>
</TestRun>